<?xml version="1.0" encoding="UTF-8"?>
<!-- Generated by org.testng.reporters.JUnitXMLReporter -->
<testsuite hostname="DESKTOP-0M1MH5T" ignored="0" name="Default test" tests="6" failures="0" timestamp="2021-08-24T07:44:07 IST" time="72.624" errors="0">
  <testcase name="doLoginTest" time="24.534" classname="com.qa.linkedin.testcases.SearchDataDrivenTest"/>
  <testcase name="searchTest" time="9.156" classname="com.qa.linkedin.testcases.SearchDataDrivenTest"/>
  <testcase name="searchTest" time="8.783" classname="com.qa.linkedin.testcases.SearchDataDrivenTest"/>
  <testcase name="searchTest" time="8.335" classname="com.qa.linkedin.testcases.SearchDataDrivenTest"/>
  <testcase name="searchTest" time="8.903" classname="com.qa.linkedin.testcases.SearchDataDrivenTest"/>
  <testcase name="searchTest" time="8.931" classname="com.qa.linkedin.testcases.SearchDataDrivenTest"/>
</testsuite> <!-- Default test -->
